[ ERROR] - com.solvd.db.InformationFromBD:34 - 
[ ERROR] - com.solvd.db.InformationFromBD:35 - 
[ ERROR] - com.solvd.db.InformationFromBD:34 - 
[ ERROR] - com.solvd.db.InformationFromBD:35 - 
[ ERROR] - com.solvd.db.InformationFromBD:35 - 
[ ERROR] - com.solvd.db.InformationFromBD:35 - 
[ ERROR] - com.solvd.db.InformationFromBD:35 - 
[ ERROR] - com.solvd.db.InformationFromBD:35 - 
[ ERROR] - com.solvd.db.InformationFromBD:33 - 
[ ERROR] - com.solvd.db.InformationFromBD:33 - This connection has been closed.
[ ERROR] - com.solvd.db.InformationFromBD:33 - This connection has been closed.
[ ERROR] - com.solvd.db.InformationFromBD:26 - 
[ ERROR] - com.solvd.db.InformationFromBD:26 - 
[ ERROR] - com.solvd.db.InformationFromBD:27 - 
[ ERROR] - com.solvd.db.InformationFromBD:27 - 
[ INFO ] - com.solvd.utils.ProcessingJson:72 - convert from file, finished!
[ ERROR] - com.solvd.db.InformationFromBD:34 - The column name id was not found in this ResultSet.
[ ERROR] - com.solvd.db.InformationFromBD:33 - The column name owner was not found in this ResultSet.
[ ERROR] - com.solvd.db.InformationFromBD:31 - The column name name--- was not found in this ResultSet.
[ INFO ] - com.solvd.utils.FileIO:21 - File already exists.
[ INFO ] - com.solvd.utils.FileIO:30 - 1 Civil.  Buoyancy: 0.65   Size: 22  Speed: 101860 Classification: Special-purpose_vessels Is used electricity or motor engines
[ INFO ] - com.solvd.utils.FileIO:30 - 2 Civil.  Buoyancy: 0.65   Size: 68  Speed: 109268 Classification: Recreational_boats Is used electricity or motor engines
[ INFO ] - com.solvd.utils.FileIO:30 - 3 Civil.  Buoyancy: 0.55   Size: 68  Speed: 64820  Classification: Cruising_yachts Is used electricity or motor engines
[ INFO ] - com.solvd.utils.FileIO:30 - 4 Civil.  Buoyancy: 0.57   Size: 65  Speed: 83340  Classification: Cross-channel Is used electricity or motor engines
[ INFO ] - com.solvd.menu.MainMenu:50 - Work completed!!!
[ ERROR] - com.solvd.menu.MenuMethods:45 -    Buoyancy: 0.24
[ ERROR] - com.solvd.menu.MenuMethods:46 - Buoyancy is incorrect. Enter number more then 0.23 and less than 0.98
[ ERROR] - com.solvd.menu.MenuMethods:56 -    Size: 4
[ ERROR] - com.solvd.menu.MenuMethods:57 - Size is incorrect. Enter size more than 3 miters 
[ ERROR] - com.solvd.menu.MenuMethods:68 -    Speed: 35
[ ERROR] - com.solvd.menu.MenuMethods:69 - Speed is incorrect. Enter speed between 30 and 300 km
[ INFO ] - com.solvd.menu.MainMenu:50 - Work completed!!!
[ ERROR] - com.solvd.menu.MenuMethods:45 -    Buoyancy: 0.24
[ ERROR] - com.solvd.menu.MenuMethods:46 - Buoyancy is incorrect. Enter number more then 0.23 and less than 0.98
[ ERROR] - com.solvd.menu.MenuMethods:68 -    Speed: 35
[ ERROR] - com.solvd.menu.MenuMethods:69 - Speed is incorrect. Enter speed between 30 and 300 km
[ INFO ] - com.solvd.menu.MainMenu:50 - Work completed!!!
[ ERROR] - com.solvd.menu.MenuMethods:45 -    Buoyancy: 0.24
[ ERROR] - com.solvd.menu.MenuMethods:46 - Buoyancy is incorrect. Enter number more then 0.23 and less than 0.98
[ ERROR] - com.solvd.menu.MenuMethods:56 -    Size: 4
[ ERROR] - com.solvd.menu.MenuMethods:57 - Size is incorrect. Enter size more than 3 miters 
[ ERROR] - com.solvd.menu.MenuMethods:68 -    Speed: 35
[ ERROR] - com.solvd.menu.MenuMethods:69 - Speed is incorrect. Enter speed between 30 and 300 km
[ ERROR] - com.solvd.menu.MenuMethods:45 -    Buoyancy: 0.24
[ ERROR] - com.solvd.menu.MenuMethods:46 - Buoyancy is incorrect. Enter number more then 0.23 and less than 0.98
[ ERROR] - com.solvd.menu.MenuMethods:56 -    Size: 4
[ ERROR] - com.solvd.menu.MenuMethods:57 - Size is incorrect. Enter size more than 3 miters 
[ ERROR] - com.solvd.menu.MenuMethods:68 -    Speed: 35
[ ERROR] - com.solvd.menu.MenuMethods:69 - Speed is incorrect. Enter speed between 30 and 300 km
[ INFO ] - com.solvd.placeCollections.Roadstead:31 - 1 Civil.  Buoyancy: 0.24   Size: 4  Speed: 52  Classification: 2  Is used electricity or motor engines 
[ INFO ] - com.solvd.placeCollections.Roadstead:31 - 2 Civil.  Buoyancy: 0.24   Size: 4  Speed: 52  Classification: 2  Is used electricity or motor engines 
[ INFO ] - com.solvd.menu.MainMenu:50 - Work completed!!!
[ ERROR] - com.solvd.menu.MenuMethods:45 -    Buoyancy: 0.24
[ ERROR] - com.solvd.menu.MenuMethods:46 - Buoyancy is incorrect. Enter number more then 0.23 and less than 0.98
[ ERROR] - com.solvd.menu.MenuMethods:56 -    Size: 4
[ ERROR] - com.solvd.menu.MenuMethods:57 - Size is incorrect. Enter size more than 3 miters 
[ ERROR] - com.solvd.menu.MenuMethods:68 -    Speed: 35
[ ERROR] - com.solvd.menu.MenuMethods:69 - Speed is incorrect. Enter speed between 30 and 300 km
[ ERROR] - com.solvd.menu.MenuMethods:45 -    Buoyancy: 0.24
[ ERROR] - com.solvd.menu.MenuMethods:46 - Buoyancy is incorrect. Enter number more then 0.23 and less than 0.98
[ ERROR] - com.solvd.menu.MenuMethods:56 -    Size: 4
[ ERROR] - com.solvd.menu.MenuMethods:57 - Size is incorrect. Enter size more than 3 miters 
[ ERROR] - com.solvd.menu.MenuMethods:68 -    Speed: 35
[ ERROR] - com.solvd.menu.MenuMethods:69 - Speed is incorrect. Enter speed between 30 and 300 km
[ INFO ] - com.solvd.menu.MainMenu:50 - Work completed!!!
[ ERROR] - com.solvd.db.InformationToBD:31 - ERROR: syntax error at end of input
  Position: 175
[ ERROR] - com.solvd.db.InformationToBD:31 - ERROR: syntax error at end of input
  Position: 175
[ ERROR] - com.solvd.db.InformationToBD:31 - ERROR: table "civil" does not exist
[ ERROR] - com.solvd.db.InformationToBD:31 - ERROR: syntax error at or near "("
  Position: 175
[ INFO ] - com.solvd.db.InformationToBD:29 - Data was added to database
[ INFO ] - com.solvd.menu.MainMenu:50 - Work completed!!!
